<?xml version="1.0" encoding="UTF-8"?>
<!-- Generated by org.testng.reporters.JUnitReportReporter -->
<testsuite hostname="DESKTOP-HLAEFAL" failures="0" tests="1" name="testScripts.SendContactDetailsTest" time="107.971" errors="0" timestamp="2023-05-26T19:43:31 IST" skipped="0">
  <testcase classname="testScripts.SendContactDetailsTest" name="sendContactDetailsTest" time="107.971"/>
  <system-out/>
</testsuite> <!-- testScripts.SendContactDetailsTest -->
