<?xml version="1.0" encoding="UTF-8"?>
<!-- Generated by org.testng.reporters.JUnitReportReporter -->
<testsuite hostname="DESKTOP-HLAEFAL" failures="0" tests="1" name="testScripts.AddToCartTest" time="70.506" errors="0" timestamp="2023-05-26T11:34:59 IST" skipped="0">
  <testcase classname="testScripts.AddToCartTest" name="addToCartTest" time="70.506"/>
  <system-out/>
</testsuite> <!-- testScripts.AddToCartTest -->
